<?xml version="1.0" encoding="UTF-8" ?>
<testsuite failures="0" time="3.656" errors="1" skipped="0" tests="1" name="cz.fi.muni.pa165.mushroomhunter.Service.LocationServiceImplTest">
  <properties>
[...]
</properties>
  <testcase time="3.505" classname="cz.fi.muni.pa165.mushroomhunter.Service.LocationServiceImplTest" name="testSave">
    <error message="Error creating bean with name &apos;cz.fi.muni.pa165.mushroomhunter.Service.LocationServiceImplTest&apos;: Injection of autowired dependencies failed; nested exception is org.springframework.beans.factory.BeanCreationException: Could not autowire field: cz.fi.muni.pa165.mushroomhunter.service.LocationServiceImpl cz.fi.muni.pa165.mushroomhunter.Service.LocationServiceImplTest.lsi; nested exception is org.springframework.beans.factory.NoSuchBeanDefinitionException: No qualifying bean of type [cz.fi.muni.pa165.mushroomhunter.service.LocationServiceImpl] found for dependency: expected at least 1 bean which qualifies as autowire candidate for this dependency. Dependency annotations: {@org.springframework.beans.factory.annotation.Autowired(required=true)}" type="org.springframework.beans.factory.BeanCreationException">org.springframework.beans.factory.BeanCreationException: Error creating bean with name &apos;cz.fi.muni.pa165.mushroomhunter.Service.LocationServiceImplTest&apos;: Injection of autowired dependencies failed; nested exception is org.springframework.beans.factory.BeanCreationException: Could not autowire field: cz.fi.muni.pa165.mushroomhunter.service.LocationServiceImpl cz.fi.muni.pa165.mushroomhunter.Service.LocationServiceImplTest.lsi; nested exception is org.springframework.beans.factory.NoSuchBeanDefinitionException: No qualifying bean of type [cz.fi.muni.pa165.mushroomhunter.service.LocationServiceImpl] found for dependency: expected at least 1 bean which qualifies as autowire candidate for this dependency. Dependency annotations: {@org.springframework.beans.factory.annotation.Autowired(required=true)}
	at org.springframework.beans.factory.annotation.AutowiredAnnotationBeanPostProcessor.postProcessPropertyValues(AutowiredAnnotationBeanPostProcessor.java:334)
	at org.springframework.beans.factory.support.AbstractAutowireCapableBeanFactory.populateBean(AbstractAutowireCapableBeanFactory.java:1204)
	at org.springframework.beans.factory.support.AbstractAutowireCapableBeanFactory.autowireBeanProperties(AbstractAutowireCapableBeanFactory.java:385)
	at org.springframework.test.context.support.DependencyInjectionTestExecutionListener.injectDependencies(DependencyInjectionTestExecutionListener.java:110)
	at org.springframework.test.context.support.DependencyInjectionTestExecutionListener.prepareTestInstance(DependencyInjectionTestExecutionListener.java:75)
	at org.springframework.test.context.TestContextManager.prepareTestInstance(TestContextManager.java:331)
	at org.springframework.test.context.junit4.SpringJUnit4ClassRunner.createTest(SpringJUnit4ClassRunner.java:213)
	at org.springframework.test.context.junit4.SpringJUnit4ClassRunner$1.runReflectiveCall(SpringJUnit4ClassRunner.java:290)
	at org.junit.internal.runners.model.ReflectiveCallable.run(ReflectiveCallable.java:15)
	at org.springframework.test.context.junit4.SpringJUnit4ClassRunner.methodBlock(SpringJUnit4ClassRunner.java:292)
	at org.springframework.test.context.junit4.SpringJUnit4ClassRunner.runChild(SpringJUnit4ClassRunner.java:233)
	at org.springframework.test.context.junit4.SpringJUnit4ClassRunner.runChild(SpringJUnit4ClassRunner.java:87)
	at org.junit.runners.ParentRunner$3.run(ParentRunner.java:231)
	at org.junit.runners.ParentRunner$1.schedule(ParentRunner.java:60)
	at org.junit.runners.ParentRunner.runChildren(ParentRunner.java:229)
	at org.junit.runners.ParentRunner.access$000(ParentRunner.java:50)
	at org.junit.runners.ParentRunner$2.evaluate(ParentRunner.java:222)
	at org.junit.internal.runners.statements.RunBefores.evaluate(RunBefores.java:28)
	at org.springframework.test.context.junit4.statements.RunBeforeTestClassCallbacks.evaluate(RunBeforeTestClassCallbacks.java:61)
	at org.junit.internal.runners.statements.RunAfters.evaluate(RunAfters.java:30)
	at org.springframework.test.context.junit4.statements.RunAfterTestClassCallbacks.evaluate(RunAfterTestClassCallbacks.java:71)
	at org.junit.runners.ParentRunner.run(ParentRunner.java:300)
	at org.springframework.test.context.junit4.SpringJUnit4ClassRunner.run(SpringJUnit4ClassRunner.java:176)
	at org.apache.maven.surefire.junit4.JUnit4TestSet.execute(JUnit4TestSet.java:45)
	at org.apache.maven.surefire.junit4.JUnit4Provider.executeTestSet(JUnit4Provider.java:123)
	at org.apache.maven.surefire.junit4.JUnit4Provider.invoke(JUnit4Provider.java:104)
	at sun.reflect.NativeMethodAccessorImpl.invoke0(Native Method)
	at sun.reflect.NativeMethodAccessorImpl.invoke(NativeMethodAccessorImpl.java:57)
	at sun.reflect.DelegatingMethodAccessorImpl.invoke(DelegatingMethodAccessorImpl.java:43)
	at java.lang.reflect.Method.invoke(Method.java:606)
	at org.apache.maven.surefire.util.ReflectionUtils.invokeMethodWithArray(ReflectionUtils.java:164)
	at org.apache.maven.surefire.booter.ProviderFactory$ProviderProxy.invoke(ProviderFactory.java:110)
	at org.apache.maven.surefire.booter.SurefireStarter.invokeProvider(SurefireStarter.java:175)
	at org.apache.maven.surefire.booter.SurefireStarter.runSuitesInProcessWhenForked(SurefireStarter.java:107)
	at org.apache.maven.surefire.booter.ForkedBooter.main(ForkedBooter.java:68)
Caused by: org.springframework.beans.factory.BeanCreationException: Could not autowire field: cz.fi.muni.pa165.mushroomhunter.service.LocationServiceImpl cz.fi.muni.pa165.mushroomhunter.Service.LocationServiceImplTest.lsi; nested exception is org.springframework.beans.factory.NoSuchBeanDefinitionException: No qualifying bean of type [cz.fi.muni.pa165.mushroomhunter.service.LocationServiceImpl] found for dependency: expected at least 1 bean which qualifies as autowire candidate for this dependency. Dependency annotations: {@org.springframework.beans.factory.annotation.Autowired(required=true)}
	at org.springframework.beans.factory.annotation.AutowiredAnnotationBeanPostProcessor$AutowiredFieldElement.inject(AutowiredAnnotationBeanPostProcessor.java:555)
	at org.springframework.beans.factory.annotation.InjectionMetadata.inject(InjectionMetadata.java:87)
	at org.springframework.beans.factory.annotation.AutowiredAnnotationBeanPostProcessor.postProcessPropertyValues(AutowiredAnnotationBeanPostProcessor.java:331)
	... 34 more
Caused by: org.springframework.beans.factory.NoSuchBeanDefinitionException: No qualifying bean of type [cz.fi.muni.pa165.mushroomhunter.service.LocationServiceImpl] found for dependency: expected at least 1 bean which qualifies as autowire candidate for this dependency. Dependency annotations: {@org.springframework.beans.factory.annotation.Autowired(required=true)}
	at org.springframework.beans.factory.support.DefaultListableBeanFactory.raiseNoSuchBeanDefinitionException(DefaultListableBeanFactory.java:1261)
	at org.springframework.beans.factory.support.DefaultListableBeanFactory.doResolveDependency(DefaultListableBeanFactory.java:1009)
	at org.springframework.beans.factory.support.DefaultListableBeanFactory.resolveDependency(DefaultListableBeanFactory.java:904)
	at org.springframework.beans.factory.annotation.AutowiredAnnotationBeanPostProcessor$AutowiredFieldElement.inject(AutowiredAnnotationBeanPostProcessor.java:527)
	... 36 more
</error>
    <system-out>Hibernate: 
    alter table Visit 
        drop constraint FK4ED5D2BD16EDE55
Hibernate: 
    alter table Visit 
        drop constraint FK4ED5D2BF2AAB935
Hibernate: 
    alter table occurence 
        drop constraint FKB8E670B7E93696FF
Hibernate: 
    drop table Hunter
Hibernate: 
    drop table Location
Hibernate: 
    drop table Mushroom
Hibernate: 
    drop table Visit
Hibernate: 
    drop table occurence
Hibernate: 
    create table Hunter (
        id bigint generated by default as identity,
        description varchar(255),
        firstName varchar(255) not null,
        nick varchar(255) not null unique,
        surname varchar(255) not null,
        primary key (id)
    )
Hibernate: 
    create table Location (
        id bigint generated by default as identity,
        description varchar(255) not null,
        name varchar(255) not null unique,
        nearCity varchar(255) not null,
        primary key (id)
    )
Hibernate: 
    create table Mushroom (
        id bigint generated by default as identity,
        endOfOccurence date,
        name varchar(255) not null unique,
        startOfOccurence date,
        type integer,
        primary key (id)
    )
Hibernate: 
    create table Visit (
        id bigint generated by default as identity,
        date date,
        HUNTER_ID bigint,
        LOCATION_ID bigint,
        primary key (id)
    )
Hibernate: 
    create table occurence (
        visit_id bigint not null,
        quantity integer,
        mushroom_id bigint not null,
        primary key (visit_id, mushroom_id)
    )
Hibernate: 
    alter table Visit 
        add constraint FK4ED5D2BD16EDE55 
        foreign key (LOCATION_ID) 
        references Location
Hibernate: 
    alter table Visit 
        add constraint FK4ED5D2BF2AAB935 
        foreign key (HUNTER_ID) 
        references Hunter
Hibernate: 
    alter table occurence 
        add constraint FKB8E670B7E93696FF 
        foreign key (visit_id) 
        references Visit
</system-out>
    <system-err>SLF4J: Failed to load class &quot;org.slf4j.impl.StaticLoggerBinder&quot;.
SLF4J: Defaulting to no-operation (NOP) logger implementation
SLF4J: See http://www.slf4j.org/codes.html#StaticLoggerBinder for further details.
nov 07, 2014 10:47:22 AM org.hibernate.annotations.common.Version &lt;clinit&gt;
INFO: HCANN000001: Hibernate Commons Annotations {4.0.1.Final}
nov 07, 2014 10:47:22 AM org.hibernate.Version logVersion
INFO: HHH000412: Hibernate Core {4.1.4.Final}
nov 07, 2014 10:47:22 AM org.hibernate.cfg.Environment &lt;clinit&gt;
INFO: HHH000206: hibernate.properties not found
nov 07, 2014 10:47:22 AM org.hibernate.cfg.Environment buildBytecodeProvider
INFO: HHH000021: Bytecode provider name : javassist
nov 07, 2014 10:47:22 AM org.hibernate.ejb.Ejb3Configuration configure
INFO: HHH000204: Processing PersistenceUnitInfo [
	name: TestPU
	...]
nov 07, 2014 10:47:22 AM org.hibernate.service.jdbc.connections.internal.ConnectionProviderInitiator instantiateExplicitConnectionProvider
INFO: HHH000130: Instantiating explicit connection provider: org.hibernate.ejb.connection.InjectedDataSourceConnectionProvider
nov 07, 2014 10:47:23 AM org.hibernate.dialect.Dialect &lt;init&gt;
INFO: HHH000400: Using dialect: org.hibernate.dialect.DerbyDialect
nov 07, 2014 10:47:23 AM org.hibernate.dialect.DerbyDialect &lt;init&gt;
WARN: HHH000430: The DerbyDialect dialect has been deprecated; use one of the version-specific dialects instead
nov 07, 2014 10:47:23 AM org.hibernate.engine.transaction.internal.TransactionFactoryInitiator initiateService
INFO: HHH000268: Transaction strategy: org.hibernate.engine.transaction.internal.jdbc.JdbcTransactionFactory
nov 07, 2014 10:47:23 AM org.hibernate.hql.internal.ast.ASTQueryTranslatorFactory &lt;init&gt;
INFO: HHH000397: Using ASTQueryTranslatorFactory
nov 07, 2014 10:47:23 AM org.hibernate.validator.internal.util.Version &lt;clinit&gt;
INFO: HV000001: Hibernate Validator 5.1.2.Final
nov 07, 2014 10:47:24 AM org.hibernate.tool.hbm2ddl.SchemaExport execute
INFO: HHH000227: Running hbm2ddl schema export
nov 07, 2014 10:47:24 AM org.hibernate.tool.hbm2ddl.SchemaExport perform
ERROR: HHH000389: Unsuccessful: alter table Visit drop constraint FK4ED5D2BD16EDE55
nov 07, 2014 10:47:24 AM org.hibernate.tool.hbm2ddl.SchemaExport perform
ERROR: Schema &apos;SA&apos; does not exist
nov 07, 2014 10:47:24 AM org.hibernate.tool.hbm2ddl.SchemaExport perform
ERROR: HHH000389: Unsuccessful: alter table Visit drop constraint FK4ED5D2BF2AAB935
nov 07, 2014 10:47:24 AM org.hibernate.tool.hbm2ddl.SchemaExport perform
ERROR: Schema &apos;SA&apos; does not exist
nov 07, 2014 10:47:24 AM org.hibernate.tool.hbm2ddl.SchemaExport perform
ERROR: HHH000389: Unsuccessful: alter table occurence drop constraint FKB8E670B7E93696FF
nov 07, 2014 10:47:24 AM org.hibernate.tool.hbm2ddl.SchemaExport perform
ERROR: Schema &apos;SA&apos; does not exist
nov 07, 2014 10:47:24 AM org.hibernate.tool.hbm2ddl.SchemaExport perform
ERROR: HHH000389: Unsuccessful: drop table Hunter
nov 07, 2014 10:47:24 AM org.hibernate.tool.hbm2ddl.SchemaExport perform
ERROR: Schema &apos;SA&apos; does not exist
nov 07, 2014 10:47:24 AM org.hibernate.tool.hbm2ddl.SchemaExport perform
ERROR: HHH000389: Unsuccessful: drop table Location
nov 07, 2014 10:47:24 AM org.hibernate.tool.hbm2ddl.SchemaExport perform
ERROR: Schema &apos;SA&apos; does not exist
nov 07, 2014 10:47:24 AM org.hibernate.tool.hbm2ddl.SchemaExport perform
ERROR: HHH000389: Unsuccessful: drop table Mushroom
nov 07, 2014 10:47:24 AM org.hibernate.tool.hbm2ddl.SchemaExport perform
ERROR: Schema &apos;SA&apos; does not exist
nov 07, 2014 10:47:24 AM org.hibernate.tool.hbm2ddl.SchemaExport perform
ERROR: HHH000389: Unsuccessful: drop table Visit
nov 07, 2014 10:47:24 AM org.hibernate.tool.hbm2ddl.SchemaExport perform
ERROR: Schema &apos;SA&apos; does not exist
nov 07, 2014 10:47:24 AM org.hibernate.tool.hbm2ddl.SchemaExport perform
ERROR: HHH000389: Unsuccessful: drop table occurence
nov 07, 2014 10:47:24 AM org.hibernate.tool.hbm2ddl.SchemaExport perform
ERROR: Schema &apos;SA&apos; does not exist
nov 07, 2014 10:47:24 AM org.hibernate.tool.hbm2ddl.SchemaExport execute
INFO: HHH000230: Schema export complete
</system-err>
  </testcase>
</testsuite>