<?xml version="1.0" encoding="UTF-8" ?>
<testsuite failures="0" time="2.15" errors="1" skipped="0" tests="8" name="cz.fi.muni.pa165.mushroomhunter.dao.LocationDaoImplTest">
  <properties>
[...]
</properties>
  <testcase time="0.262" classname="cz.fi.muni.pa165.mushroomhunter.dao.LocationDaoImplTest" name="testFindByNearCity"/>
  <testcase time="0.319" classname="cz.fi.muni.pa165.mushroomhunter.dao.LocationDaoImplTest" name="testFindByOccurence">
    <error message="org.hibernate.hql.internal.ast.QuerySyntaxException: unexpected token: ( near line 1, column 128 [SELECT Location.id, Location.name, Location.nearCity, Location.place FROM cz.fi.muni.pa165.mushroomhunter.entity.Location JOIN (COUNT(occurence.quantity) AS occ_quantity FROM ((Location JOIN visit ON Location.id=visit.Location_id) JOIN occurence ON visit.id=occurence.visit_id) GROUP BY Location.id :asc)]" type="java.lang.IllegalArgumentException">java.lang.IllegalArgumentException: org.hibernate.hql.internal.ast.QuerySyntaxException: unexpected token: ( near line 1, column 128 [SELECT Location.id, Location.name, Location.nearCity, Location.place FROM cz.fi.muni.pa165.mushroomhunter.entity.Location JOIN (COUNT(occurence.quantity) AS occ_quantity FROM ((Location JOIN visit ON Location.id=visit.Location_id) JOIN occurence ON visit.id=occurence.visit_id) GROUP BY Location.id :asc)]
	at org.hibernate.ejb.AbstractEntityManagerImpl.convert(AbstractEntityManagerImpl.java:1364)
	at org.hibernate.ejb.AbstractEntityManagerImpl.convert(AbstractEntityManagerImpl.java:1300)
	at org.hibernate.ejb.AbstractEntityManagerImpl.createQuery(AbstractEntityManagerImpl.java:294)
	at cz.fi.muni.pa165.mushroomhunter.dao.LocationDaoImpl.findByOccurence(LocationDaoImpl.java:68)
	at cz.fi.muni.pa165.mushroomhunter.dao.LocationDaoImplTest.testFindByOccurence(LocationDaoImplTest.java:368)
	at sun.reflect.NativeMethodAccessorImpl.invoke0(Native Method)
	at sun.reflect.NativeMethodAccessorImpl.invoke(NativeMethodAccessorImpl.java:57)
	at sun.reflect.DelegatingMethodAccessorImpl.invoke(DelegatingMethodAccessorImpl.java:43)
	at java.lang.reflect.Method.invoke(Method.java:606)
	at org.junit.runners.model.FrameworkMethod$1.runReflectiveCall(FrameworkMethod.java:45)
	at org.junit.internal.runners.model.ReflectiveCallable.run(ReflectiveCallable.java:15)
	at org.junit.runners.model.FrameworkMethod.invokeExplosively(FrameworkMethod.java:42)
	at org.junit.internal.runners.statements.InvokeMethod.evaluate(InvokeMethod.java:20)
	at org.junit.internal.runners.statements.RunBefores.evaluate(RunBefores.java:28)
	at org.junit.internal.runners.statements.RunAfters.evaluate(RunAfters.java:30)
	at org.junit.runners.ParentRunner.runLeaf(ParentRunner.java:263)
	at org.junit.runners.BlockJUnit4ClassRunner.runChild(BlockJUnit4ClassRunner.java:68)
	at org.junit.runners.BlockJUnit4ClassRunner.runChild(BlockJUnit4ClassRunner.java:47)
	at org.junit.runners.ParentRunner$3.run(ParentRunner.java:231)
	at org.junit.runners.ParentRunner$1.schedule(ParentRunner.java:60)
	at org.junit.runners.ParentRunner.runChildren(ParentRunner.java:229)
	at org.junit.runners.ParentRunner.access$000(ParentRunner.java:50)
	at org.junit.runners.ParentRunner$2.evaluate(ParentRunner.java:222)
	at org.junit.runners.ParentRunner.run(ParentRunner.java:300)
	at org.apache.maven.surefire.junit4.JUnit4TestSet.execute(JUnit4TestSet.java:53)
	at org.apache.maven.surefire.junit4.JUnit4Provider.executeTestSet(JUnit4Provider.java:123)
	at org.apache.maven.surefire.junit4.JUnit4Provider.invoke(JUnit4Provider.java:104)
	at sun.reflect.NativeMethodAccessorImpl.invoke0(Native Method)
	at sun.reflect.NativeMethodAccessorImpl.invoke(NativeMethodAccessorImpl.java:57)
	at sun.reflect.DelegatingMethodAccessorImpl.invoke(DelegatingMethodAccessorImpl.java:43)
	at java.lang.reflect.Method.invoke(Method.java:606)
	at org.apache.maven.surefire.util.ReflectionUtils.invokeMethodWithArray(ReflectionUtils.java:164)
	at org.apache.maven.surefire.booter.ProviderFactory$ProviderProxy.invoke(ProviderFactory.java:110)
	at org.apache.maven.surefire.booter.SurefireStarter.invokeProvider(SurefireStarter.java:175)
	at org.apache.maven.surefire.booter.SurefireStarter.runSuitesInProcessWhenForked(SurefireStarter.java:107)
	at org.apache.maven.surefire.booter.ForkedBooter.main(ForkedBooter.java:68)
Caused by: org.hibernate.hql.internal.ast.QuerySyntaxException: unexpected token: ( near line 1, column 128 [SELECT Location.id, Location.name, Location.nearCity, Location.place FROM cz.fi.muni.pa165.mushroomhunter.entity.Location JOIN (COUNT(occurence.quantity) AS occ_quantity FROM ((Location JOIN visit ON Location.id=visit.Location_id) JOIN occurence ON visit.id=occurence.visit_id) GROUP BY Location.id :asc)]
	at org.hibernate.hql.internal.ast.QuerySyntaxException.convert(QuerySyntaxException.java:54)
	at org.hibernate.hql.internal.ast.QuerySyntaxException.convert(QuerySyntaxException.java:47)
	at org.hibernate.hql.internal.ast.ErrorCounter.throwQueryException(ErrorCounter.java:79)
	at org.hibernate.hql.internal.ast.QueryTranslatorImpl.parse(QueryTranslatorImpl.java:276)
	at org.hibernate.hql.internal.ast.QueryTranslatorImpl.doCompile(QueryTranslatorImpl.java:180)
	at org.hibernate.hql.internal.ast.QueryTranslatorImpl.compile(QueryTranslatorImpl.java:136)
	at org.hibernate.engine.query.spi.HQLQueryPlan.&lt;init&gt;(HQLQueryPlan.java:105)
	at org.hibernate.engine.query.spi.HQLQueryPlan.&lt;init&gt;(HQLQueryPlan.java:80)
	at org.hibernate.engine.query.spi.QueryPlanCache.getHQLQueryPlan(QueryPlanCache.java:168)
	at org.hibernate.internal.AbstractSessionImpl.getHQLQueryPlan(AbstractSessionImpl.java:219)
	at org.hibernate.internal.AbstractSessionImpl.createQuery(AbstractSessionImpl.java:197)
	at org.hibernate.internal.SessionImpl.createQuery(SessionImpl.java:1736)
	at org.hibernate.ejb.AbstractEntityManagerImpl.createQuery(AbstractEntityManagerImpl.java:291)
	... 33 more
</error>
    <system-out>Hibernate: 
    alter table Visit 
        drop constraint FK4ED5D2BD16EDE55
Hibernate: 
    alter table Visit 
        drop constraint FK4ED5D2BF2AAB935
Hibernate: 
    alter table occurence 
        drop constraint FKB8E670B7E93696FF
Hibernate: 
    drop table Hunter
Hibernate: 
    drop table Location
Hibernate: 
    drop table Mushroom
Hibernate: 
    drop table Visit
Hibernate: 
    drop table occurence
Hibernate: 
    create table Hunter (
        id bigint generated by default as identity,
        description varchar(255),
        firstName varchar(255) not null,
        nick varchar(255) not null unique,
        surname varchar(255) not null,
        primary key (id)
    )
Hibernate: 
    create table Location (
        id bigint generated by default as identity,
        description varchar(255) not null,
        name varchar(255) not null unique,
        nearCity varchar(255) not null,
        primary key (id)
    )
Hibernate: 
    create table Mushroom (
        id bigint generated by default as identity,
        endOfOccurence date,
        name varchar(255) not null unique,
        startOfOccurence date,
        type integer,
        primary key (id)
    )
Hibernate: 
    create table Visit (
        id bigint generated by default as identity,
        date date,
        HUNTER_ID bigint,
        LOCATION_ID bigint,
        primary key (id)
    )
Hibernate: 
    create table occurence (
        visit_id bigint not null,
        quantity integer,
        mushroom_id bigint not null,
        primary key (visit_id, mushroom_id)
    )
Hibernate: 
    alter table Visit 
        add constraint FK4ED5D2BD16EDE55 
        foreign key (LOCATION_ID) 
        references Location
Hibernate: 
    alter table Visit 
        add constraint FK4ED5D2BF2AAB935 
        foreign key (HUNTER_ID) 
        references Hunter
Hibernate: 
    alter table occurence 
        add constraint FKB8E670B7E93696FF 
        foreign key (visit_id) 
        references Visit
findByOccurence
Hibernate: 
    insert 
    into
        Mushroom
        (id, endOfOccurence, name, startOfOccurence, type) 
    values
        (default, ?, ?, ?, ?)
Hibernate: 
    
values
    identity_val_local()
Hibernate: 
    insert 
    into
        Mushroom
        (id, endOfOccurence, name, startOfOccurence, type) 
    values
        (default, ?, ?, ?, ?)
Hibernate: 
    
values
    identity_val_local()
Hibernate: 
    insert 
    into
        Mushroom
        (id, endOfOccurence, name, startOfOccurence, type) 
    values
        (default, ?, ?, ?, ?)
Hibernate: 
    
values
    identity_val_local()
Hibernate: 
    insert 
    into
        Hunter
        (id, description, firstName, nick, surname) 
    values
        (default, ?, ?, ?, ?)
Hibernate: 
    
values
    identity_val_local()
Hibernate: 
    insert 
    into
        Location
        (id, description, name, nearCity) 
    values
        (default, ?, ?, ?)
Hibernate: 
    
values
    identity_val_local()
Hibernate: 
    insert 
    into
        Location
        (id, description, name, nearCity) 
    values
        (default, ?, ?, ?)
Hibernate: 
    
values
    identity_val_local()
Hibernate: 
    insert 
    into
        Visit
        (id, date, HUNTER_ID, LOCATION_ID) 
    values
        (default, ?, ?, ?)
Hibernate: 
    
values
    identity_val_local()
Hibernate: 
    insert 
    into
        Visit
        (id, date, HUNTER_ID, LOCATION_ID) 
    values
        (default, ?, ?, ?)
Hibernate: 
    
values
    identity_val_local()
Hibernate: 
    insert 
    into
        occurence
        (visit_id, mushroom_id, quantity) 
    values
        (?, ?, ?)
Hibernate: 
    insert 
    into
        occurence
        (visit_id, mushroom_id, quantity) 
    values
        (?, ?, ?)
</system-out>
    <system-err>nov 07, 2014 10:18:12 AM org.hibernate.service.jdbc.connections.internal.DriverManagerConnectionProviderImpl configure
INFO: HHH000402: Using Hibernate built-in connection pool (not for production use!)
nov 07, 2014 10:18:12 AM org.hibernate.service.jdbc.connections.internal.DriverManagerConnectionProviderImpl configure
INFO: HHH000115: Hibernate connection pool size: 20
nov 07, 2014 10:18:12 AM org.hibernate.service.jdbc.connections.internal.DriverManagerConnectionProviderImpl configure
INFO: HHH000006: Autocommit mode: true
nov 07, 2014 10:18:12 AM org.hibernate.service.jdbc.connections.internal.DriverManagerConnectionProviderImpl configure
INFO: HHH000401: using driver [org.apache.derby.jdbc.EmbeddedDriver] at URL [jdbc:derby:memory:testDB;create=true]
nov 07, 2014 10:18:12 AM org.hibernate.service.jdbc.connections.internal.DriverManagerConnectionProviderImpl configure
INFO: HHH000046: Connection properties: {user=, password=****, autocommit=true, release_mode=auto}
nov 07, 2014 10:18:12 AM org.hibernate.dialect.Dialect &lt;init&gt;
INFO: HHH000400: Using dialect: org.hibernate.dialect.DerbyDialect
nov 07, 2014 10:18:12 AM org.hibernate.dialect.DerbyDialect &lt;init&gt;
WARN: HHH000430: The DerbyDialect dialect has been deprecated; use one of the version-specific dialects instead
nov 07, 2014 10:18:12 AM org.hibernate.engine.transaction.internal.TransactionFactoryInitiator initiateService
INFO: HHH000268: Transaction strategy: org.hibernate.engine.transaction.internal.jdbc.JdbcTransactionFactory
nov 07, 2014 10:18:12 AM org.hibernate.hql.internal.ast.ASTQueryTranslatorFactory &lt;init&gt;
INFO: HHH000397: Using ASTQueryTranslatorFactory
nov 07, 2014 10:18:12 AM org.hibernate.tool.hbm2ddl.SchemaExport execute
INFO: HHH000227: Running hbm2ddl schema export
nov 07, 2014 10:18:13 AM org.hibernate.tool.hbm2ddl.SchemaExport execute
INFO: HHH000230: Schema export complete
nov 07, 2014 10:18:13 AM org.hibernate.ejb.internal.EntityManagerFactoryRegistry addEntityManagerFactory
WARN: HHH000436: Entity manager factory name (TestPU) is already registered.  If entity manager will be clustered or passivated, specify a unique value for property &apos;hibernate.ejb.entitymanager_factory_name&apos;
nov 07, 2014 10:18:13 AM org.hibernate.hql.internal.ast.ErrorCounter reportError
ERROR: line 1:128: unexpected token: (
nov 07, 2014 10:18:13 AM org.hibernate.hql.internal.ast.ErrorCounter reportError
ERROR: line 1:128: unexpected token: (
line 1:128: unexpected token: (
	at org.hibernate.hql.internal.antlr.HqlBaseParser.fromJoin(HqlBaseParser.java:1629)
	at org.hibernate.hql.internal.antlr.HqlBaseParser.fromClause(HqlBaseParser.java:1348)
	at org.hibernate.hql.internal.antlr.HqlBaseParser.selectFrom(HqlBaseParser.java:1054)
	at org.hibernate.hql.internal.antlr.HqlBaseParser.queryRule(HqlBaseParser.java:700)
	at org.hibernate.hql.internal.antlr.HqlBaseParser.selectStatement(HqlBaseParser.java:294)
	at org.hibernate.hql.internal.antlr.HqlBaseParser.statement(HqlBaseParser.java:157)
	at org.hibernate.hql.internal.ast.QueryTranslatorImpl.parse(QueryTranslatorImpl.java:266)
	at org.hibernate.hql.internal.ast.QueryTranslatorImpl.doCompile(QueryTranslatorImpl.java:180)
	at org.hibernate.hql.internal.ast.QueryTranslatorImpl.compile(QueryTranslatorImpl.java:136)
	at org.hibernate.engine.query.spi.HQLQueryPlan.&lt;init&gt;(HQLQueryPlan.java:105)
	at org.hibernate.engine.query.spi.HQLQueryPlan.&lt;init&gt;(HQLQueryPlan.java:80)
	at org.hibernate.engine.query.spi.QueryPlanCache.getHQLQueryPlan(QueryPlanCache.java:168)
	at org.hibernate.internal.AbstractSessionImpl.getHQLQueryPlan(AbstractSessionImpl.java:219)
	at org.hibernate.internal.AbstractSessionImpl.createQuery(AbstractSessionImpl.java:197)
	at org.hibernate.internal.SessionImpl.createQuery(SessionImpl.java:1736)
	at org.hibernate.ejb.AbstractEntityManagerImpl.createQuery(AbstractEntityManagerImpl.java:291)
	at cz.fi.muni.pa165.mushroomhunter.dao.LocationDaoImpl.findByOccurence(LocationDaoImpl.java:68)
	at cz.fi.muni.pa165.mushroomhunter.dao.LocationDaoImplTest.testFindByOccurence(LocationDaoImplTest.java:368)
	at sun.reflect.NativeMethodAccessorImpl.invoke0(Native Method)
	at sun.reflect.NativeMethodAccessorImpl.invoke(NativeMethodAccessorImpl.java:57)
	at sun.reflect.DelegatingMethodAccessorImpl.invoke(DelegatingMethodAccessorImpl.java:43)
	at java.lang.reflect.Method.invoke(Method.java:606)
	at org.junit.runners.model.FrameworkMethod$1.runReflectiveCall(FrameworkMethod.java:45)
	at org.junit.internal.runners.model.ReflectiveCallable.run(ReflectiveCallable.java:15)
	at org.junit.runners.model.FrameworkMethod.invokeExplosively(FrameworkMethod.java:42)
	at org.junit.internal.runners.statements.InvokeMethod.evaluate(InvokeMethod.java:20)
	at org.junit.internal.runners.statements.RunBefores.evaluate(RunBefores.java:28)
	at org.junit.internal.runners.statements.RunAfters.evaluate(RunAfters.java:30)
	at org.junit.runners.ParentRunner.runLeaf(ParentRunner.java:263)
	at org.junit.runners.BlockJUnit4ClassRunner.runChild(BlockJUnit4ClassRunner.java:68)
	at org.junit.runners.BlockJUnit4ClassRunner.runChild(BlockJUnit4ClassRunner.java:47)
	at org.junit.runners.ParentRunner$3.run(ParentRunner.java:231)
	at org.junit.runners.ParentRunner$1.schedule(ParentRunner.java:60)
	at org.junit.runners.ParentRunner.runChildren(ParentRunner.java:229)
	at org.junit.runners.ParentRunner.access$000(ParentRunner.java:50)
	at org.junit.runners.ParentRunner$2.evaluate(ParentRunner.java:222)
	at org.junit.runners.ParentRunner.run(ParentRunner.java:300)
	at org.apache.maven.surefire.junit4.JUnit4TestSet.execute(JUnit4TestSet.java:53)
	at org.apache.maven.surefire.junit4.JUnit4Provider.executeTestSet(JUnit4Provider.java:123)
	at org.apache.maven.surefire.junit4.JUnit4Provider.invoke(JUnit4Provider.java:104)
	at sun.reflect.NativeMethodAccessorImpl.invoke0(Native Method)
	at sun.reflect.NativeMethodAccessorImpl.invoke(NativeMethodAccessorImpl.java:57)
	at sun.reflect.DelegatingMethodAccessorImpl.invoke(DelegatingMethodAccessorImpl.java:43)
	at java.lang.reflect.Method.invoke(Method.java:606)
	at org.apache.maven.surefire.util.ReflectionUtils.invokeMethodWithArray(ReflectionUtils.java:164)
	at org.apache.maven.surefire.booter.ProviderFactory$ProviderProxy.invoke(ProviderFactory.java:110)
	at org.apache.maven.surefire.booter.SurefireStarter.invokeProvider(SurefireStarter.java:175)
	at org.apache.maven.surefire.booter.SurefireStarter.runSuitesInProcessWhenForked(SurefireStarter.java:107)
	at org.apache.maven.surefire.booter.ForkedBooter.main(ForkedBooter.java:68)

</system-err>
  </testcase>
  <testcase time="0.429" classname="cz.fi.muni.pa165.mushroomhunter.dao.LocationDaoImplTest" name="testFindByMushroom"/>
  <testcase time="0.198" classname="cz.fi.muni.pa165.mushroomhunter.dao.LocationDaoImplTest" name="testDelete"/>
  <testcase time="0.268" classname="cz.fi.muni.pa165.mushroomhunter.dao.LocationDaoImplTest" name="testSave"/>
  <testcase time="0.214" classname="cz.fi.muni.pa165.mushroomhunter.dao.LocationDaoImplTest" name="testFind"/>
  <testcase time="0.249" classname="cz.fi.muni.pa165.mushroomhunter.dao.LocationDaoImplTest" name="testUpdate"/>
  <testcase time="0.206" classname="cz.fi.muni.pa165.mushroomhunter.dao.LocationDaoImplTest" name="testFindAll"/>
</testsuite>